2024-06-26 12:36:21.726 [restartedMain] INFO  c.nhnacademy.yes25.AuthApplication - Starting AuthApplication using Java 21.0.1 with PID 8075 (/Users/chaesanghui/Desktop/yes-25-5-authority-server/target/classes started by chaesanghui in /Users/chaesanghui/Desktop/yes-25-5-authority-server)
2024-06-26 12:36:21.728 [restartedMain] INFO  c.nhnacademy.yes25.AuthApplication - The following 1 profile is active: "dev"
2024-06-26 12:36:21.765 [restartedMain] INFO  o.s.b.d.e.DevToolsPropertyDefaultsPostProcessor - Devtools property defaults active! Set 'spring.devtools.add-properties' to 'false' to disable
2024-06-26 12:36:21.765 [restartedMain] INFO  o.s.b.d.e.DevToolsPropertyDefaultsPostProcessor - For additional web related logging consider setting the 'logging.level.web' property to 'DEBUG'
2024-06-26 12:36:22.474 [restartedMain] INFO  o.s.cloud.context.scope.GenericScope - BeanFactory id=cb4de4a1-7cbd-3805-a384-80e0fba39de7
2024-06-26 12:36:22.769 [restartedMain] INFO  o.s.b.w.e.tomcat.TomcatWebServer - Tomcat initialized with port 8051 (http)
2024-06-26 12:36:22.778 [restartedMain] INFO  o.a.catalina.core.StandardService - Starting service [Tomcat]
2024-06-26 12:36:22.778 [restartedMain] INFO  o.a.catalina.core.StandardEngine - Starting Servlet engine: [Apache Tomcat/10.1.24]
2024-06-26 12:36:22.809 [restartedMain] INFO  o.a.c.c.C.[Tomcat].[localhost].[/] - Initializing Spring embedded WebApplicationContext
2024-06-26 12:36:22.809 [restartedMain] INFO  o.s.b.w.s.c.ServletWebServerApplicationContext - Root WebApplicationContext: initialization completed in 1043 ms
2024-06-26 12:36:23.052 [restartedMain] INFO  o.s.b.d.a.OptionalLiveReloadServer - LiveReload server is running on port 35729
2024-06-26 12:36:23.641 [restartedMain] INFO  o.s.c.n.e.c.DiscoveryClientOptionalArgsConfiguration - Eureka HTTP Client uses RestTemplate.
2024-06-26 12:36:23.656 [restartedMain] INFO  o.s.c.f.w.mvc.FunctionHandlerMapping - FunctionCatalog: org.springframework.cloud.function.context.catalog.BeanFactoryAwareFunctionRegistry@1a84e522
2024-06-26 12:36:23.673 [restartedMain] INFO  o.s.b.a.e.web.EndpointLinksResolver - Exposing 1 endpoint beneath base path '/actuator'
2024-06-26 12:36:23.719 [restartedMain] INFO  o.s.c.n.eureka.InstanceInfoFactory - Setting initial instance status as: STARTING
2024-06-26 12:36:23.744 [restartedMain] INFO  c.netflix.discovery.DiscoveryClient - Initializing Eureka in region us-east-1
2024-06-26 12:36:23.748 [restartedMain] INFO  c.n.d.s.r.aws.ConfigClusterResolver - Resolving eureka endpoints via configuration
2024-06-26 12:36:23.763 [restartedMain] INFO  c.netflix.discovery.DiscoveryClient - Disable delta property : false
2024-06-26 12:36:23.764 [restartedMain] INFO  c.netflix.discovery.DiscoveryClient - Single vip registry refresh property : null
2024-06-26 12:36:23.764 [restartedMain] INFO  c.netflix.discovery.DiscoveryClient - Force full registry fetch : false
2024-06-26 12:36:23.764 [restartedMain] INFO  c.netflix.discovery.DiscoveryClient - Application is null : false
2024-06-26 12:36:23.764 [restartedMain] INFO  c.netflix.discovery.DiscoveryClient - Registered Applications size is zero : true
2024-06-26 12:36:23.764 [restartedMain] INFO  c.netflix.discovery.DiscoveryClient - Application version is -1: true
2024-06-26 12:36:23.764 [restartedMain] INFO  c.netflix.discovery.DiscoveryClient - Getting all instance registry info from the eureka server
2024-06-26 12:36:24.040 [restartedMain] INFO  c.netflix.discovery.DiscoveryClient - The response status is 200
2024-06-26 12:36:24.042 [restartedMain] INFO  c.netflix.discovery.DiscoveryClient - Starting heartbeat executor: renew interval is: 30
2024-06-26 12:36:24.043 [restartedMain] INFO  c.n.discovery.InstanceInfoReplicator - InstanceInfoReplicator onDemand update allowed rate per min is 4
2024-06-26 12:36:24.046 [restartedMain] INFO  c.netflix.discovery.DiscoveryClient - Discovery Client initialized at timestamp 1719372984046 with initial instances count: 3
2024-06-26 12:36:24.047 [restartedMain] INFO  o.s.c.n.e.s.EurekaServiceRegistry - Registering application AUTHORITY-SERVER with eureka with status UP
2024-06-26 12:36:24.047 [restartedMain] INFO  c.netflix.discovery.DiscoveryClient - Saw local status change event StatusChangeEvent [timestamp=1719372984047, current=UP, previous=STARTING]
2024-06-26 12:36:24.048 [DiscoveryClient-InstanceInfoReplicator-0] INFO  c.netflix.discovery.DiscoveryClient - DiscoveryClient_AUTHORITY-SERVER/172.20.201.189:authority-server:8051: registering service...
2024-06-26 12:36:24.054 [restartedMain] INFO  o.s.b.w.e.tomcat.TomcatWebServer - Tomcat started on port 8051 (http) with context path '/'
2024-06-26 12:36:24.054 [restartedMain] INFO  o.s.c.n.e.s.EurekaAutoServiceRegistration - Updating port to 8051
2024-06-26 12:36:24.074 [DiscoveryClient-InstanceInfoReplicator-0] INFO  c.netflix.discovery.DiscoveryClient - DiscoveryClient_AUTHORITY-SERVER/172.20.201.189:authority-server:8051 - registration status: 204
2024-06-26 12:36:24.080 [restartedMain] INFO  c.nhnacademy.yes25.AuthApplication - Started AuthApplication in 2.827 seconds (process running for 3.549)
2024-06-26 12:36:24.361 [RMI TCP Connection(2)-127.0.0.1] INFO  o.a.c.c.C.[Tomcat].[localhost].[/] - Initializing Spring DispatcherServlet 'dispatcherServlet'
2024-06-26 12:36:24.361 [RMI TCP Connection(2)-127.0.0.1] INFO  o.s.web.servlet.DispatcherServlet - Initializing Servlet 'dispatcherServlet'
2024-06-26 12:36:24.363 [RMI TCP Connection(2)-127.0.0.1] INFO  o.s.web.servlet.DispatcherServlet - Completed initialization in 2 ms
2024-06-26 12:39:04.615 [File Watcher] INFO  o.s.b.d.a.LocalDevToolsAutoConfiguration$RestartingClassPathChangeChangedEventListener - Restarting due to 1 class path change (0 additions, 0 deletions, 1 modification)
2024-06-26 12:39:04.629 [Thread-5] INFO  o.s.c.n.e.s.EurekaServiceRegistry - Unregistering application AUTHORITY-SERVER with eureka with status DOWN
2024-06-26 12:39:04.629 [Thread-5] INFO  c.netflix.discovery.DiscoveryClient - Saw local status change event StatusChangeEvent [timestamp=1719373144629, current=DOWN, previous=UP]
2024-06-26 12:39:04.630 [DiscoveryClient-InstanceInfoReplicator-0] INFO  c.netflix.discovery.DiscoveryClient - DiscoveryClient_AUTHORITY-SERVER/172.20.201.189:authority-server:8051: registering service...
2024-06-26 12:39:04.680 [DiscoveryClient-InstanceInfoReplicator-0] INFO  c.netflix.discovery.DiscoveryClient - DiscoveryClient_AUTHORITY-SERVER/172.20.201.189:authority-server:8051 - registration status: 204
2024-06-26 12:39:04.681 [Thread-5] INFO  c.netflix.discovery.DiscoveryClient - Shutting down DiscoveryClient ...
2024-06-26 12:39:07.687 [Thread-5] INFO  c.netflix.discovery.DiscoveryClient - Unregistering ...
2024-06-26 12:39:07.697 [Thread-5] INFO  c.netflix.discovery.DiscoveryClient - DiscoveryClient_AUTHORITY-SERVER/172.20.201.189:authority-server:8051 - deregister  status: 200
2024-06-26 12:39:07.702 [Thread-5] INFO  c.netflix.discovery.DiscoveryClient - Completed shut down of DiscoveryClient
2024-06-26 12:39:07.809 [restartedMain] INFO  c.nhnacademy.yes25.AuthApplication - Starting AuthApplication using Java 21.0.1 with PID 8075 (/Users/chaesanghui/Desktop/yes-25-5-authority-server/target/classes started by chaesanghui in /Users/chaesanghui/Desktop/yes-25-5-authority-server)
2024-06-26 12:39:07.810 [restartedMain] INFO  c.nhnacademy.yes25.AuthApplication - The following 1 profile is active: "dev"
2024-06-26 12:39:08.071 [restartedMain] INFO  o.s.cloud.context.scope.GenericScope - BeanFactory id=cb4de4a1-7cbd-3805-a384-80e0fba39de7
2024-06-26 12:39:08.115 [restartedMain] INFO  o.s.b.w.e.tomcat.TomcatWebServer - Tomcat initialized with port 8051 (http)
2024-06-26 12:39:08.115 [restartedMain] INFO  o.a.catalina.core.StandardService - Starting service [Tomcat]
2024-06-26 12:39:08.115 [restartedMain] INFO  o.a.catalina.core.StandardEngine - Starting Servlet engine: [Apache Tomcat/10.1.24]
2024-06-26 12:39:08.126 [restartedMain] INFO  o.a.c.c.C.[Tomcat].[localhost].[/] - Initializing Spring embedded WebApplicationContext
2024-06-26 12:39:08.127 [restartedMain] INFO  o.s.b.w.s.c.ServletWebServerApplicationContext - Root WebApplicationContext: initialization completed in 316 ms
2024-06-26 12:39:08.200 [restartedMain] INFO  o.s.b.d.a.OptionalLiveReloadServer - LiveReload server is running on port 35729
2024-06-26 12:39:08.344 [restartedMain] INFO  o.s.c.n.e.c.DiscoveryClientOptionalArgsConfiguration - Eureka HTTP Client uses RestTemplate.
2024-06-26 12:39:08.352 [restartedMain] INFO  o.s.c.f.w.mvc.FunctionHandlerMapping - FunctionCatalog: org.springframework.cloud.function.context.catalog.BeanFactoryAwareFunctionRegistry@53e3c5de
2024-06-26 12:39:08.360 [restartedMain] INFO  o.s.b.a.e.web.EndpointLinksResolver - Exposing 1 endpoint beneath base path '/actuator'
2024-06-26 12:39:08.381 [restartedMain] INFO  o.s.c.n.eureka.InstanceInfoFactory - Setting initial instance status as: STARTING
2024-06-26 12:39:08.383 [restartedMain] INFO  c.netflix.discovery.DiscoveryClient - Initializing Eureka in region us-east-1
2024-06-26 12:39:08.383 [restartedMain] INFO  c.n.d.s.r.aws.ConfigClusterResolver - Resolving eureka endpoints via configuration
2024-06-26 12:39:08.388 [restartedMain] INFO  c.netflix.discovery.DiscoveryClient - Disable delta property : false
2024-06-26 12:39:08.388 [restartedMain] INFO  c.netflix.discovery.DiscoveryClient - Single vip registry refresh property : null
2024-06-26 12:39:08.388 [restartedMain] INFO  c.netflix.discovery.DiscoveryClient - Force full registry fetch : false
2024-06-26 12:39:08.388 [restartedMain] INFO  c.netflix.discovery.DiscoveryClient - Application is null : false
2024-06-26 12:39:08.388 [restartedMain] INFO  c.netflix.discovery.DiscoveryClient - Registered Applications size is zero : true
2024-06-26 12:39:08.388 [restartedMain] INFO  c.netflix.discovery.DiscoveryClient - Application version is -1: true
2024-06-26 12:39:08.388 [restartedMain] INFO  c.netflix.discovery.DiscoveryClient - Getting all instance registry info from the eureka server
2024-06-26 12:39:08.409 [restartedMain] INFO  c.netflix.discovery.DiscoveryClient - The response status is 200
2024-06-26 12:39:08.410 [restartedMain] INFO  c.netflix.discovery.DiscoveryClient - Starting heartbeat executor: renew interval is: 30
2024-06-26 12:39:08.410 [restartedMain] INFO  c.n.discovery.InstanceInfoReplicator - InstanceInfoReplicator onDemand update allowed rate per min is 4
2024-06-26 12:39:08.411 [restartedMain] INFO  c.netflix.discovery.DiscoveryClient - Discovery Client initialized at timestamp 1719373148411 with initial instances count: 3
2024-06-26 12:39:08.411 [restartedMain] INFO  o.s.c.n.e.s.EurekaServiceRegistry - Registering application AUTHORITY-SERVER with eureka with status UP
2024-06-26 12:39:08.411 [restartedMain] INFO  c.netflix.discovery.DiscoveryClient - Saw local status change event StatusChangeEvent [timestamp=1719373148411, current=UP, previous=STARTING]
2024-06-26 12:39:08.411 [DiscoveryClient-InstanceInfoReplicator-0] INFO  c.netflix.discovery.DiscoveryClient - DiscoveryClient_AUTHORITY-SERVER/172.20.201.189:authority-server:8051: registering service...
2024-06-26 12:39:08.412 [restartedMain] INFO  o.s.b.w.e.tomcat.TomcatWebServer - Tomcat started on port 8051 (http) with context path '/'
2024-06-26 12:39:08.412 [restartedMain] INFO  o.s.c.n.e.s.EurekaAutoServiceRegistration - Updating port to 8051
2024-06-26 12:39:08.420 [DiscoveryClient-InstanceInfoReplicator-0] INFO  c.netflix.discovery.DiscoveryClient - DiscoveryClient_AUTHORITY-SERVER/172.20.201.189:authority-server:8051 - registration status: 204
2024-06-26 12:39:08.427 [restartedMain] INFO  c.nhnacademy.yes25.AuthApplication - Started AuthApplication in 0.65 seconds (process running for 167.904)
2024-06-26 12:39:08.429 [restartedMain] INFO  o.s.b.d.a.ConditionEvaluationDeltaLoggingListener - Condition evaluation unchanged
2024-06-26 12:42:24.684 [File Watcher] INFO  o.s.b.d.a.LocalDevToolsAutoConfiguration$RestartingClassPathChangeChangedEventListener - Restarting due to 2 class path changes (0 additions, 0 deletions, 2 modifications)
2024-06-26 12:42:24.690 [Thread-9] INFO  o.s.c.n.e.s.EurekaServiceRegistry - Unregistering application AUTHORITY-SERVER with eureka with status DOWN
2024-06-26 12:42:24.690 [Thread-9] INFO  c.netflix.discovery.DiscoveryClient - Saw local status change event StatusChangeEvent [timestamp=1719373344690, current=DOWN, previous=UP]
2024-06-26 12:42:24.691 [DiscoveryClient-InstanceInfoReplicator-0] INFO  c.netflix.discovery.DiscoveryClient - DiscoveryClient_AUTHORITY-SERVER/172.20.201.189:authority-server:8051: registering service...
2024-06-26 12:42:24.721 [Thread-9] INFO  c.netflix.discovery.DiscoveryClient - Shutting down DiscoveryClient ...
2024-06-26 12:42:24.736 [DiscoveryClient-InstanceInfoReplicator-0] INFO  c.netflix.discovery.DiscoveryClient - DiscoveryClient_AUTHORITY-SERVER/172.20.201.189:authority-server:8051 - registration status: 204
2024-06-26 12:42:24.738 [Thread-9] INFO  c.netflix.discovery.DiscoveryClient - Unregistering ...
2024-06-26 12:42:24.745 [Thread-9] INFO  c.netflix.discovery.DiscoveryClient - DiscoveryClient_AUTHORITY-SERVER/172.20.201.189:authority-server:8051 - deregister  status: 200
2024-06-26 12:42:24.749 [Thread-9] INFO  c.netflix.discovery.DiscoveryClient - Completed shut down of DiscoveryClient
2024-06-26 12:42:25.000 [restartedMain] INFO  c.nhnacademy.yes25.AuthApplication - Starting AuthApplication using Java 21.0.1 with PID 8075 (/Users/chaesanghui/Desktop/yes-25-5-authority-server/target/classes started by chaesanghui in /Users/chaesanghui/Desktop/yes-25-5-authority-server)
2024-06-26 12:42:25.005 [restartedMain] INFO  c.nhnacademy.yes25.AuthApplication - The following 1 profile is active: "dev"
2024-06-26 12:42:25.484 [restartedMain] INFO  o.s.cloud.context.scope.GenericScope - BeanFactory id=cb4de4a1-7cbd-3805-a384-80e0fba39de7
2024-06-26 12:42:25.532 [restartedMain] INFO  o.s.b.w.e.tomcat.TomcatWebServer - Tomcat initialized with port 8051 (http)
2024-06-26 12:42:25.533 [restartedMain] INFO  o.a.catalina.core.StandardService - Starting service [Tomcat]
2024-06-26 12:42:25.533 [restartedMain] INFO  o.a.catalina.core.StandardEngine - Starting Servlet engine: [Apache Tomcat/10.1.24]
2024-06-26 12:42:25.544 [restartedMain] INFO  o.a.c.c.C.[Tomcat].[localhost].[/] - Initializing Spring embedded WebApplicationContext
2024-06-26 12:42:25.544 [restartedMain] INFO  o.s.b.w.s.c.ServletWebServerApplicationContext - Root WebApplicationContext: initialization completed in 532 ms
2024-06-26 12:42:25.630 [restartedMain] INFO  o.s.b.d.a.OptionalLiveReloadServer - LiveReload server is running on port 35729
2024-06-26 12:42:25.792 [restartedMain] INFO  o.s.c.n.e.c.DiscoveryClientOptionalArgsConfiguration - Eureka HTTP Client uses RestTemplate.
2024-06-26 12:42:25.801 [restartedMain] INFO  o.s.c.f.w.mvc.FunctionHandlerMapping - FunctionCatalog: org.springframework.cloud.function.context.catalog.BeanFactoryAwareFunctionRegistry@57af88a1
2024-06-26 12:42:25.808 [restartedMain] INFO  o.s.b.a.e.web.EndpointLinksResolver - Exposing 1 endpoint beneath base path '/actuator'
2024-06-26 12:42:25.829 [restartedMain] INFO  o.s.c.n.eureka.InstanceInfoFactory - Setting initial instance status as: STARTING
2024-06-26 12:42:25.831 [restartedMain] INFO  c.netflix.discovery.DiscoveryClient - Initializing Eureka in region us-east-1
2024-06-26 12:42:25.831 [restartedMain] INFO  c.n.d.s.r.aws.ConfigClusterResolver - Resolving eureka endpoints via configuration
2024-06-26 12:42:25.832 [restartedMain] INFO  c.netflix.discovery.DiscoveryClient - Disable delta property : false
2024-06-26 12:42:25.832 [restartedMain] INFO  c.netflix.discovery.DiscoveryClient - Single vip registry refresh property : null
2024-06-26 12:42:25.832 [restartedMain] INFO  c.netflix.discovery.DiscoveryClient - Force full registry fetch : false
2024-06-26 12:42:25.832 [restartedMain] INFO  c.netflix.discovery.DiscoveryClient - Application is null : false
2024-06-26 12:42:25.832 [restartedMain] INFO  c.netflix.discovery.DiscoveryClient - Registered Applications size is zero : true
2024-06-26 12:42:25.832 [restartedMain] INFO  c.netflix.discovery.DiscoveryClient - Application version is -1: true
2024-06-26 12:42:25.832 [restartedMain] INFO  c.netflix.discovery.DiscoveryClient - Getting all instance registry info from the eureka server
2024-06-26 12:42:25.856 [restartedMain] INFO  c.netflix.discovery.DiscoveryClient - The response status is 200
2024-06-26 12:42:25.857 [restartedMain] INFO  c.netflix.discovery.DiscoveryClient - Starting heartbeat executor: renew interval is: 30
2024-06-26 12:42:25.857 [restartedMain] INFO  c.n.discovery.InstanceInfoReplicator - InstanceInfoReplicator onDemand update allowed rate per min is 4
2024-06-26 12:42:25.858 [restartedMain] INFO  c.netflix.discovery.DiscoveryClient - Discovery Client initialized at timestamp 1719373345858 with initial instances count: 3
2024-06-26 12:42:25.858 [restartedMain] INFO  o.s.c.n.e.s.EurekaServiceRegistry - Registering application AUTHORITY-SERVER with eureka with status UP
2024-06-26 12:42:25.858 [restartedMain] INFO  c.netflix.discovery.DiscoveryClient - Saw local status change event StatusChangeEvent [timestamp=1719373345858, current=UP, previous=STARTING]
2024-06-26 12:42:25.858 [DiscoveryClient-InstanceInfoReplicator-0] INFO  c.netflix.discovery.DiscoveryClient - DiscoveryClient_AUTHORITY-SERVER/172.20.201.189:authority-server:8051: registering service...
2024-06-26 12:42:25.859 [restartedMain] INFO  o.s.b.w.e.tomcat.TomcatWebServer - Tomcat started on port 8051 (http) with context path '/'
2024-06-26 12:42:25.859 [restartedMain] INFO  o.s.c.n.e.s.EurekaAutoServiceRegistration - Updating port to 8051
2024-06-26 12:42:25.866 [DiscoveryClient-InstanceInfoReplicator-0] INFO  c.netflix.discovery.DiscoveryClient - DiscoveryClient_AUTHORITY-SERVER/172.20.201.189:authority-server:8051 - registration status: 204
2024-06-26 12:42:25.874 [restartedMain] INFO  c.nhnacademy.yes25.AuthApplication - Started AuthApplication in 0.986 seconds (process running for 365.36)
2024-06-26 12:42:25.875 [restartedMain] INFO  o.s.b.d.a.ConditionEvaluationDeltaLoggingListener - Condition evaluation unchanged
